2023-08-30 10:28:08,309 INFO org.springframework.boot.StartupInfoLogger [Test worker] Starting CustomerControllerTest using Java 11.0.20.1 on clonz-pc with PID 31304 (started by clonz in /home/clonz/IdeaProjects/customer)
2023-08-30 10:28:08,321 DEBUG org.springframework.boot.StartupInfoLogger [Test worker] Running with Spring Boot v2.7.15, Spring v5.3.29
2023-08-30 10:28:08,324 INFO org.springframework.boot.SpringApplication [Test worker] No active profile set, falling back to 1 default profile: "default"
2023-08-30 10:28:08,353 INFO org.hibernate.validator.internal.util.Version [background-preinit] HV000001: Hibernate Validator 6.2.5.Final
2023-08-30 10:28:11,043 INFO org.springframework.mock.web.MockServletContext [Test worker] Initializing Spring TestDispatcherServlet ''
2023-08-30 10:28:11,044 INFO org.springframework.web.servlet.FrameworkServlet [Test worker] Initializing Servlet ''
2023-08-30 10:28:11,047 INFO org.springframework.web.servlet.FrameworkServlet [Test worker] Completed initialization in 2 ms
2023-08-30 10:28:11,092 INFO org.springframework.boot.StartupInfoLogger [Test worker] Started CustomerControllerTest in 3.78 seconds (JVM running for 5.506)
2023-08-30 10:30:34,171 INFO org.springframework.boot.StartupInfoLogger [Test worker] Starting CustomerControllerTest using Java 11.0.20.1 on clonz-pc with PID 31506 (started by clonz in /home/clonz/IdeaProjects/customer)
2023-08-30 10:30:34,174 DEBUG org.springframework.boot.StartupInfoLogger [Test worker] Running with Spring Boot v2.7.15, Spring v5.3.29
2023-08-30 10:30:34,176 INFO org.springframework.boot.SpringApplication [Test worker] No active profile set, falling back to 1 default profile: "default"
2023-08-30 10:30:34,186 INFO org.hibernate.validator.internal.util.Version [background-preinit] HV000001: Hibernate Validator 6.2.5.Final
2023-08-30 10:30:36,918 INFO org.springframework.mock.web.MockServletContext [Test worker] Initializing Spring TestDispatcherServlet ''
2023-08-30 10:30:36,920 INFO org.springframework.web.servlet.FrameworkServlet [Test worker] Initializing Servlet ''
2023-08-30 10:30:36,924 INFO org.springframework.web.servlet.FrameworkServlet [Test worker] Completed initialization in 2 ms
2023-08-30 10:30:36,978 INFO org.springframework.boot.StartupInfoLogger [Test worker] Started CustomerControllerTest in 3.605 seconds (JVM running for 5.373)
2023-08-30 10:40:18,338 INFO org.springframework.boot.StartupInfoLogger [Test worker] Starting CustomerControllerTest using Java 11.0.20.1 on clonz-pc with PID 32274 (started by clonz in /home/clonz/IdeaProjects/customer)
2023-08-30 10:40:18,341 DEBUG org.springframework.boot.StartupInfoLogger [Test worker] Running with Spring Boot v2.7.15, Spring v5.3.29
2023-08-30 10:40:18,344 INFO org.springframework.boot.SpringApplication [Test worker] No active profile set, falling back to 1 default profile: "default"
2023-08-30 10:40:18,365 INFO org.hibernate.validator.internal.util.Version [background-preinit] HV000001: Hibernate Validator 6.2.5.Final
2023-08-30 10:40:21,538 INFO org.springframework.mock.web.MockServletContext [Test worker] Initializing Spring TestDispatcherServlet ''
2023-08-30 10:40:21,541 INFO org.springframework.web.servlet.FrameworkServlet [Test worker] Initializing Servlet ''
2023-08-30 10:40:21,545 INFO org.springframework.web.servlet.FrameworkServlet [Test worker] Completed initialization in 2 ms
2023-08-30 10:40:21,621 INFO org.springframework.boot.StartupInfoLogger [Test worker] Started CustomerControllerTest in 4.049 seconds (JVM running for 5.914)
2023-08-30 10:44:11,367 INFO org.springframework.boot.StartupInfoLogger [Test worker] Starting CustomerControllerTest using Java 11.0.20.1 on clonz-pc with PID 32483 (started by clonz in /home/clonz/IdeaProjects/customer)
2023-08-30 10:44:11,370 DEBUG org.springframework.boot.StartupInfoLogger [Test worker] Running with Spring Boot v2.7.15, Spring v5.3.29
2023-08-30 10:44:11,373 INFO org.springframework.boot.SpringApplication [Test worker] No active profile set, falling back to 1 default profile: "default"
2023-08-30 10:44:11,400 INFO org.hibernate.validator.internal.util.Version [background-preinit] HV000001: Hibernate Validator 6.2.5.Final
2023-08-30 10:44:14,686 INFO org.springframework.mock.web.MockServletContext [Test worker] Initializing Spring TestDispatcherServlet ''
2023-08-30 10:44:14,689 INFO org.springframework.web.servlet.FrameworkServlet [Test worker] Initializing Servlet ''
2023-08-30 10:44:14,692 INFO org.springframework.web.servlet.FrameworkServlet [Test worker] Completed initialization in 2 ms
2023-08-30 10:44:14,740 INFO org.springframework.boot.StartupInfoLogger [Test worker] Started CustomerControllerTest in 4.127 seconds (JVM running for 5.895)
2023-08-30 10:47:06,721 INFO org.springframework.boot.StartupInfoLogger [Test worker] Starting CustomerControllerTest using Java 11.0.20.1 on clonz-pc with PID 32701 (started by clonz in /home/clonz/IdeaProjects/customer)
2023-08-30 10:47:06,725 DEBUG org.springframework.boot.StartupInfoLogger [Test worker] Running with Spring Boot v2.7.15, Spring v5.3.29
2023-08-30 10:47:06,728 INFO org.springframework.boot.SpringApplication [Test worker] No active profile set, falling back to 1 default profile: "default"
2023-08-30 10:47:06,745 INFO org.hibernate.validator.internal.util.Version [background-preinit] HV000001: Hibernate Validator 6.2.5.Final
2023-08-30 10:47:09,536 INFO org.springframework.mock.web.MockServletContext [Test worker] Initializing Spring TestDispatcherServlet ''
2023-08-30 10:47:09,537 INFO org.springframework.web.servlet.FrameworkServlet [Test worker] Initializing Servlet ''
2023-08-30 10:47:09,540 INFO org.springframework.web.servlet.FrameworkServlet [Test worker] Completed initialization in 2 ms
2023-08-30 10:47:09,592 INFO org.springframework.boot.StartupInfoLogger [Test worker] Started CustomerControllerTest in 3.706 seconds (JVM running for 5.375)
2023-08-30 10:49:25,096 INFO org.springframework.boot.StartupInfoLogger [Test worker] Starting CustomerControllerTest using Java 11.0.20.1 on clonz-pc with PID 32880 (started by clonz in /home/clonz/IdeaProjects/customer)
2023-08-30 10:49:25,099 DEBUG org.springframework.boot.StartupInfoLogger [Test worker] Running with Spring Boot v2.7.15, Spring v5.3.29
2023-08-30 10:49:25,102 INFO org.springframework.boot.SpringApplication [Test worker] No active profile set, falling back to 1 default profile: "default"
2023-08-30 10:49:25,118 INFO org.hibernate.validator.internal.util.Version [background-preinit] HV000001: Hibernate Validator 6.2.5.Final
2023-08-30 10:49:26,493 WARN org.springframework.context.support.AbstractApplicationContext [Test worker] Exception encountered during context initialization - cancelling refresh attempt: org.springframework.beans.factory.UnsatisfiedDependencyException: Error creating bean with name 'customerController' defined in file [/home/clonz/IdeaProjects/customer/build/classes/java/main/com/assessment/customer/controller/CustomerController.class]: Unsatisfied dependency expressed through constructor parameter 0; nested exception is org.springframework.beans.factory.NoSuchBeanDefinitionException: No qualifying bean of type 'com.assessment.customer.service.ICustomer' available: expected at least 1 bean which qualifies as autowire candidate. Dependency annotations: {}
2023-08-30 10:49:26,504 INFO org.springframework.boot.autoconfigure.logging.ConditionEvaluationReportLoggingListener [Test worker] 

Error starting ApplicationContext. To display the conditions report re-run your application with 'debug' enabled.
2023-08-30 10:49:26,534 ERROR org.springframework.boot.diagnostics.LoggingFailureAnalysisReporter [Test worker] 

***************************
APPLICATION FAILED TO START
***************************

Description:

Parameter 0 of constructor in com.assessment.customer.controller.CustomerController required a bean of type 'com.assessment.customer.service.ICustomer' that could not be found.


Action:

Consider defining a bean of type 'com.assessment.customer.service.ICustomer' in your configuration.

2023-08-30 10:49:26,539 ERROR org.springframework.test.context.TestContextManager [Test worker] Caught exception while allowing TestExecutionListener [org.springframework.boot.test.mock.mockito.MockitoTestExecutionListener@55e7a35c] to prepare test instance [com.assessment.customer.controller.CustomerControllerTest@4c7d7430]
java.lang.IllegalStateException: Failed to load ApplicationContext
	at org.springframework.test.context.cache.DefaultCacheAwareContextLoaderDelegate.loadContext(DefaultCacheAwareContextLoaderDelegate.java:98)
	at org.springframework.test.context.support.DefaultTestContext.getApplicationContext(DefaultTestContext.java:124)
	at org.springframework.boot.test.mock.mockito.MockitoTestExecutionListener.postProcessFields(MockitoTestExecutionListener.java:110)
	at org.springframework.boot.test.mock.mockito.MockitoTestExecutionListener.injectFields(MockitoTestExecutionListener.java:94)
	at org.springframework.boot.test.mock.mockito.MockitoTestExecutionListener.prepareTestInstance(MockitoTestExecutionListener.java:61)
	at org.springframework.test.context.TestContextManager.prepareTestInstance(TestContextManager.java:248)
	at org.springframework.test.context.junit.jupiter.SpringExtension.postProcessTestInstance(SpringExtension.java:138)
	at org.junit.jupiter.engine.descriptor.ClassBasedTestDescriptor.lambda$invokeTestInstancePostProcessors$8(ClassBasedTestDescriptor.java:363)
	at org.junit.jupiter.engine.descriptor.ClassBasedTestDescriptor.executeAndMaskThrowable(ClassBasedTestDescriptor.java:368)
	at org.junit.jupiter.engine.descriptor.ClassBasedTestDescriptor.lambda$invokeTestInstancePostProcessors$9(ClassBasedTestDescriptor.java:363)
	at java.base/java.util.stream.ReferencePipeline$3$1.accept(ReferencePipeline.java:195)
	at java.base/java.util.stream.ReferencePipeline$2$1.accept(ReferencePipeline.java:177)
	at java.base/java.util.ArrayList$ArrayListSpliterator.forEachRemaining(ArrayList.java:1655)
	at java.base/java.util.stream.AbstractPipeline.copyInto(AbstractPipeline.java:484)
	at java.base/java.util.stream.AbstractPipeline.wrapAndCopyInto(AbstractPipeline.java:474)
	at java.base/java.util.stream.StreamSpliterators$WrappingSpliterator.forEachRemaining(StreamSpliterators.java:312)
	at java.base/java.util.stream.Streams$ConcatSpliterator.forEachRemaining(Streams.java:735)
	at java.base/java.util.stream.Streams$ConcatSpliterator.forEachRemaining(Streams.java:734)
	at java.base/java.util.stream.ReferencePipeline$Head.forEach(ReferencePipeline.java:658)
	at org.junit.jupiter.engine.descriptor.ClassBasedTestDescriptor.invokeTestInstancePostProcessors(ClassBasedTestDescriptor.java:362)
	at org.junit.jupiter.engine.descriptor.ClassBasedTestDescriptor.lambda$instantiateAndPostProcessTestInstance$6(ClassBasedTestDescriptor.java:283)
	at org.junit.platform.engine.support.hierarchical.ThrowableCollector.execute(ThrowableCollector.java:73)
	at org.junit.jupiter.engine.descriptor.ClassBasedTestDescriptor.instantiateAndPostProcessTestInstance(ClassBasedTestDescriptor.java:282)
	at org.junit.jupiter.engine.descriptor.ClassBasedTestDescriptor.lambda$testInstancesProvider$4(ClassBasedTestDescriptor.java:272)
	at java.base/java.util.Optional.orElseGet(Optional.java:369)
	at org.junit.jupiter.engine.descriptor.ClassBasedTestDescriptor.lambda$testInstancesProvider$5(ClassBasedTestDescriptor.java:271)
	at org.junit.jupiter.engine.execution.TestInstancesProvider.getTestInstances(TestInstancesProvider.java:31)
	at org.junit.jupiter.engine.descriptor.TestMethodTestDescriptor.lambda$prepare$0(TestMethodTestDescriptor.java:102)
	at org.junit.platform.engine.support.hierarchical.ThrowableCollector.execute(ThrowableCollector.java:73)
	at org.junit.jupiter.engine.descriptor.TestMethodTestDescriptor.prepare(TestMethodTestDescriptor.java:101)
	at org.junit.jupiter.engine.descriptor.TestMethodTestDescriptor.prepare(TestMethodTestDescriptor.java:66)
	at org.junit.platform.engine.support.hierarchical.NodeTestTask.lambda$prepare$2(NodeTestTask.java:123)
	at org.junit.platform.engine.support.hierarchical.ThrowableCollector.execute(ThrowableCollector.java:73)
	at org.junit.platform.engine.support.hierarchical.NodeTestTask.prepare(NodeTestTask.java:123)
	at org.junit.platform.engine.support.hierarchical.NodeTestTask.execute(NodeTestTask.java:90)
	at java.base/java.util.ArrayList.forEach(ArrayList.java:1541)
	at org.junit.platform.engine.support.hierarchical.SameThreadHierarchicalTestExecutorService.invokeAll(SameThreadHierarchicalTestExecutorService.java:41)
	at org.junit.platform.engine.support.hierarchical.NodeTestTask.lambda$executeRecursively$6(NodeTestTask.java:155)
	at org.junit.platform.engine.support.hierarchical.ThrowableCollector.execute(ThrowableCollector.java:73)
	at org.junit.platform.engine.support.hierarchical.NodeTestTask.lambda$executeRecursively$8(NodeTestTask.java:141)
	at org.junit.platform.engine.support.hierarchical.Node.around(Node.java:137)
	at org.junit.platform.engine.support.hierarchical.NodeTestTask.lambda$executeRecursively$9(NodeTestTask.java:139)
	at org.junit.platform.engine.support.hierarchical.ThrowableCollector.execute(ThrowableCollector.java:73)
	at org.junit.platform.engine.support.hierarchical.NodeTestTask.executeRecursively(NodeTestTask.java:138)
	at org.junit.platform.engine.support.hierarchical.NodeTestTask.execute(NodeTestTask.java:95)
	at java.base/java.util.ArrayList.forEach(ArrayList.java:1541)
	at org.junit.platform.engine.support.hierarchical.SameThreadHierarchicalTestExecutorService.invokeAll(SameThreadHierarchicalTestExecutorService.java:41)
	at org.junit.platform.engine.support.hierarchical.NodeTestTask.lambda$executeRecursively$6(NodeTestTask.java:155)
	at org.junit.platform.engine.support.hierarchical.ThrowableCollector.execute(ThrowableCollector.java:73)
	at org.junit.platform.engine.support.hierarchical.NodeTestTask.lambda$executeRecursively$8(NodeTestTask.java:141)
	at org.junit.platform.engine.support.hierarchical.Node.around(Node.java:137)
	at org.junit.platform.engine.support.hierarchical.NodeTestTask.lambda$executeRecursively$9(NodeTestTask.java:139)
	at org.junit.platform.engine.support.hierarchical.ThrowableCollector.execute(ThrowableCollector.java:73)
	at org.junit.platform.engine.support.hierarchical.NodeTestTask.executeRecursively(NodeTestTask.java:138)
	at org.junit.platform.engine.support.hierarchical.NodeTestTask.execute(NodeTestTask.java:95)
	at org.junit.platform.engine.support.hierarchical.SameThreadHierarchicalTestExecutorService.submit(SameThreadHierarchicalTestExecutorService.java:35)
	at org.junit.platform.engine.support.hierarchical.HierarchicalTestExecutor.execute(HierarchicalTestExecutor.java:57)
	at org.junit.platform.engine.support.hierarchical.HierarchicalTestEngine.execute(HierarchicalTestEngine.java:54)
	at org.junit.platform.launcher.core.EngineExecutionOrchestrator.execute(EngineExecutionOrchestrator.java:107)
	at org.junit.platform.launcher.core.EngineExecutionOrchestrator.execute(EngineExecutionOrchestrator.java:88)
	at org.junit.platform.launcher.core.EngineExecutionOrchestrator.lambda$execute$0(EngineExecutionOrchestrator.java:54)
	at org.junit.platform.launcher.core.EngineExecutionOrchestrator.withInterceptedStreams(EngineExecutionOrchestrator.java:67)
	at org.junit.platform.launcher.core.EngineExecutionOrchestrator.execute(EngineExecutionOrchestrator.java:52)
	at org.junit.platform.launcher.core.DefaultLauncher.execute(DefaultLauncher.java:114)
	at org.junit.platform.launcher.core.DefaultLauncher.execute(DefaultLauncher.java:86)
	at org.junit.platform.launcher.core.DefaultLauncherSession$DelegatingLauncher.execute(DefaultLauncherSession.java:86)
	at org.gradle.api.internal.tasks.testing.junitplatform.JUnitPlatformTestClassProcessor$CollectAllTestClassesExecutor.processAllTestClasses(JUnitPlatformTestClassProcessor.java:110)
	at org.gradle.api.internal.tasks.testing.junitplatform.JUnitPlatformTestClassProcessor$CollectAllTestClassesExecutor.access$000(JUnitPlatformTestClassProcessor.java:90)
	at org.gradle.api.internal.tasks.testing.junitplatform.JUnitPlatformTestClassProcessor.stop(JUnitPlatformTestClassProcessor.java:85)
	at org.gradle.api.internal.tasks.testing.SuiteTestClassProcessor.stop(SuiteTestClassProcessor.java:62)
	at java.base/jdk.internal.reflect.NativeMethodAccessorImpl.invoke0(Native Method)
	at java.base/jdk.internal.reflect.NativeMethodAccessorImpl.invoke(NativeMethodAccessorImpl.java:62)
	at java.base/jdk.internal.reflect.DelegatingMethodAccessorImpl.invoke(DelegatingMethodAccessorImpl.java:43)
	at java.base/java.lang.reflect.Method.invoke(Method.java:566)
	at org.gradle.internal.dispatch.ReflectionDispatch.dispatch(ReflectionDispatch.java:36)
	at org.gradle.internal.dispatch.ReflectionDispatch.dispatch(ReflectionDispatch.java:24)
	at org.gradle.internal.dispatch.ContextClassLoaderDispatch.dispatch(ContextClassLoaderDispatch.java:33)
	at org.gradle.internal.dispatch.ProxyDispatchAdapter$DispatchingInvocationHandler.invoke(ProxyDispatchAdapter.java:94)
	at com.sun.proxy.$Proxy2.stop(Unknown Source)
	at org.gradle.api.internal.tasks.testing.worker.TestWorker$3.run(TestWorker.java:193)
	at org.gradle.api.internal.tasks.testing.worker.TestWorker.executeAndMaintainThreadName(TestWorker.java:129)
	at org.gradle.api.internal.tasks.testing.worker.TestWorker.execute(TestWorker.java:100)
	at org.gradle.api.internal.tasks.testing.worker.TestWorker.execute(TestWorker.java:60)
	at org.gradle.process.internal.worker.child.ActionExecutionWorker.execute(ActionExecutionWorker.java:56)
	at org.gradle.process.internal.worker.child.SystemApplicationClassLoaderWorker.call(SystemApplicationClassLoaderWorker.java:113)
	at org.gradle.process.internal.worker.child.SystemApplicationClassLoaderWorker.call(SystemApplicationClassLoaderWorker.java:65)
	at worker.org.gradle.process.internal.worker.GradleWorkerMain.run(GradleWorkerMain.java:69)
	at worker.org.gradle.process.internal.worker.GradleWorkerMain.main(GradleWorkerMain.java:74)
Caused by: org.springframework.beans.factory.UnsatisfiedDependencyException: Error creating bean with name 'customerController' defined in file [/home/clonz/IdeaProjects/customer/build/classes/java/main/com/assessment/customer/controller/CustomerController.class]: Unsatisfied dependency expressed through constructor parameter 0; nested exception is org.springframework.beans.factory.NoSuchBeanDefinitionException: No qualifying bean of type 'com.assessment.customer.service.ICustomer' available: expected at least 1 bean which qualifies as autowire candidate. Dependency annotations: {}
	at org.springframework.beans.factory.support.ConstructorResolver.createArgumentArray(ConstructorResolver.java:800)
	at org.springframework.beans.factory.support.ConstructorResolver.autowireConstructor(ConstructorResolver.java:229)
	at org.springframework.beans.factory.support.AbstractAutowireCapableBeanFactory.autowireConstructor(AbstractAutowireCapableBeanFactory.java:1372)
	at org.springframework.beans.factory.support.AbstractAutowireCapableBeanFactory.createBeanInstance(AbstractAutowireCapableBeanFactory.java:1222)
	at org.springframework.beans.factory.support.AbstractAutowireCapableBeanFactory.doCreateBean(AbstractAutowireCapableBeanFactory.java:582)
	at org.springframework.beans.factory.support.AbstractAutowireCapableBeanFactory.createBean(AbstractAutowireCapableBeanFactory.java:542)
	at org.springframework.beans.factory.support.AbstractBeanFactory.lambda$doGetBean$0(AbstractBeanFactory.java:335)
	at org.springframework.beans.factory.support.DefaultSingletonBeanRegistry.getSingleton(DefaultSingletonBeanRegistry.java:234)
	at org.springframework.beans.factory.support.AbstractBeanFactory.doGetBean(AbstractBeanFactory.java:333)
	at org.springframework.beans.factory.support.AbstractBeanFactory.getBean(AbstractBeanFactory.java:208)
	at org.springframework.beans.factory.support.DefaultListableBeanFactory.preInstantiateSingletons(DefaultListableBeanFactory.java:955)
	at org.springframework.context.support.AbstractApplicationContext.finishBeanFactoryInitialization(AbstractApplicationContext.java:921)
	at org.springframework.context.support.AbstractApplicationContext.refresh(AbstractApplicationContext.java:583)
	at org.springframework.boot.SpringApplication.refresh(SpringApplication.java:731)
	at org.springframework.boot.SpringApplication.refreshContext(SpringApplication.java:408)
	at org.springframework.boot.SpringApplication.run(SpringApplication.java:307)
	at org.springframework.boot.test.context.SpringBootContextLoader.loadContext(SpringBootContextLoader.java:136)
	at org.springframework.test.context.cache.DefaultCacheAwareContextLoaderDelegate.loadContextInternal(DefaultCacheAwareContextLoaderDelegate.java:141)
	at org.springframework.test.context.cache.DefaultCacheAwareContextLoaderDelegate.loadContext(DefaultCacheAwareContextLoaderDelegate.java:90)
	... 87 common frames omitted
Caused by: org.springframework.beans.factory.NoSuchBeanDefinitionException: No qualifying bean of type 'com.assessment.customer.service.ICustomer' available: expected at least 1 bean which qualifies as autowire candidate. Dependency annotations: {}
	at org.springframework.beans.factory.support.DefaultListableBeanFactory.raiseNoMatchingBeanFound(DefaultListableBeanFactory.java:1801)
	at org.springframework.beans.factory.support.DefaultListableBeanFactory.doResolveDependency(DefaultListableBeanFactory.java:1357)
	at org.springframework.beans.factory.support.DefaultListableBeanFactory.resolveDependency(DefaultListableBeanFactory.java:1311)
	at org.springframework.beans.factory.support.ConstructorResolver.resolveAutowiredArgument(ConstructorResolver.java:887)
	at org.springframework.beans.factory.support.ConstructorResolver.createArgumentArray(ConstructorResolver.java:791)
	... 105 common frames omitted
2023-08-30 10:49:53,288 INFO org.springframework.boot.StartupInfoLogger [Test worker] Starting CustomerControllerTest using Java 11.0.20.1 on clonz-pc with PID 33025 (started by clonz in /home/clonz/IdeaProjects/customer)
2023-08-30 10:49:53,292 DEBUG org.springframework.boot.StartupInfoLogger [Test worker] Running with Spring Boot v2.7.15, Spring v5.3.29
2023-08-30 10:49:53,294 INFO org.springframework.boot.SpringApplication [Test worker] No active profile set, falling back to 1 default profile: "default"
2023-08-30 10:49:53,314 INFO org.hibernate.validator.internal.util.Version [background-preinit] HV000001: Hibernate Validator 6.2.5.Final
2023-08-30 10:49:56,360 INFO org.springframework.mock.web.MockServletContext [Test worker] Initializing Spring TestDispatcherServlet ''
2023-08-30 10:49:56,361 INFO org.springframework.web.servlet.FrameworkServlet [Test worker] Initializing Servlet ''
2023-08-30 10:49:56,365 INFO org.springframework.web.servlet.FrameworkServlet [Test worker] Completed initialization in 2 ms
2023-08-30 10:49:56,420 INFO org.springframework.boot.StartupInfoLogger [Test worker] Started CustomerControllerTest in 3.902 seconds (JVM running for 6.449)
2023-08-30 10:52:25,601 INFO org.springframework.boot.StartupInfoLogger [Test worker] Starting CustomerControllerTest using Java 11.0.20.1 on clonz-pc with PID 33284 (started by clonz in /home/clonz/IdeaProjects/customer)
2023-08-30 10:52:25,604 DEBUG org.springframework.boot.StartupInfoLogger [Test worker] Running with Spring Boot v2.7.15, Spring v5.3.29
2023-08-30 10:52:25,606 INFO org.springframework.boot.SpringApplication [Test worker] No active profile set, falling back to 1 default profile: "default"
2023-08-30 10:52:25,619 INFO org.hibernate.validator.internal.util.Version [background-preinit] HV000001: Hibernate Validator 6.2.5.Final
2023-08-30 10:52:28,032 INFO org.springframework.mock.web.MockServletContext [Test worker] Initializing Spring TestDispatcherServlet ''
2023-08-30 10:52:28,033 INFO org.springframework.web.servlet.FrameworkServlet [Test worker] Initializing Servlet ''
2023-08-30 10:52:28,035 INFO org.springframework.web.servlet.FrameworkServlet [Test worker] Completed initialization in 1 ms
2023-08-30 10:52:28,070 INFO org.springframework.boot.StartupInfoLogger [Test worker] Started CustomerControllerTest in 3.123 seconds (JVM running for 4.735)
2023-08-30 11:09:54,861 INFO org.springframework.boot.StartupInfoLogger [Test worker] Starting CustomerControllerTest using Java 11.0.20.1 on clonz-pc with PID 34199 (started by clonz in /home/clonz/IdeaProjects/customer)
2023-08-30 11:09:54,864 DEBUG org.springframework.boot.StartupInfoLogger [Test worker] Running with Spring Boot v2.7.15, Spring v5.3.29
2023-08-30 11:09:54,865 INFO org.springframework.boot.SpringApplication [Test worker] No active profile set, falling back to 1 default profile: "default"
2023-08-30 11:09:54,896 INFO org.hibernate.validator.internal.util.Version [background-preinit] HV000001: Hibernate Validator 6.2.5.Final
2023-08-30 11:09:57,389 INFO org.springframework.mock.web.MockServletContext [Test worker] Initializing Spring TestDispatcherServlet ''
2023-08-30 11:09:57,390 INFO org.springframework.web.servlet.FrameworkServlet [Test worker] Initializing Servlet ''
2023-08-30 11:09:57,395 INFO org.springframework.web.servlet.FrameworkServlet [Test worker] Completed initialization in 3 ms
2023-08-30 11:09:57,436 INFO org.springframework.boot.StartupInfoLogger [Test worker] Started CustomerControllerTest in 3.266 seconds (JVM running for 5.011)
2023-08-30 11:11:22,034 INFO org.springframework.boot.StartupInfoLogger [Test worker] Starting CustomerControllerTest using Java 11.0.20.1 on clonz-pc with PID 34373 (started by clonz in /home/clonz/IdeaProjects/customer)
2023-08-30 11:11:22,037 DEBUG org.springframework.boot.StartupInfoLogger [Test worker] Running with Spring Boot v2.7.15, Spring v5.3.29
2023-08-30 11:11:22,040 INFO org.springframework.boot.SpringApplication [Test worker] No active profile set, falling back to 1 default profile: "default"
2023-08-30 11:11:22,044 INFO org.hibernate.validator.internal.util.Version [background-preinit] HV000001: Hibernate Validator 6.2.5.Final
2023-08-30 11:11:24,277 INFO org.springframework.mock.web.MockServletContext [Test worker] Initializing Spring TestDispatcherServlet ''
2023-08-30 11:11:24,278 INFO org.springframework.web.servlet.FrameworkServlet [Test worker] Initializing Servlet ''
2023-08-30 11:11:24,281 INFO org.springframework.web.servlet.FrameworkServlet [Test worker] Completed initialization in 2 ms
2023-08-30 11:11:24,321 INFO org.springframework.boot.StartupInfoLogger [Test worker] Started CustomerControllerTest in 2.989 seconds (JVM running for 4.576)
2023-08-30 11:25:47,107 INFO org.springframework.boot.StartupInfoLogger [Test worker] Starting CustomerControllerTest using Java 11.0.20.1 on clonz-pc with PID 35561 (started by clonz in /home/clonz/IdeaProjects/customer)
2023-08-30 11:25:47,116 DEBUG org.springframework.boot.StartupInfoLogger [Test worker] Running with Spring Boot v2.7.15, Spring v5.3.29
2023-08-30 11:25:47,120 INFO org.springframework.boot.SpringApplication [Test worker] No active profile set, falling back to 1 default profile: "default"
2023-08-30 11:25:47,173 INFO org.hibernate.validator.internal.util.Version [background-preinit] HV000001: Hibernate Validator 6.2.5.Final
2023-08-30 11:25:49,976 INFO org.springframework.mock.web.MockServletContext [Test worker] Initializing Spring TestDispatcherServlet ''
2023-08-30 11:25:49,977 INFO org.springframework.web.servlet.FrameworkServlet [Test worker] Initializing Servlet ''
2023-08-30 11:25:49,980 INFO org.springframework.web.servlet.FrameworkServlet [Test worker] Completed initialization in 2 ms
2023-08-30 11:25:50,028 INFO org.springframework.boot.StartupInfoLogger [Test worker] Started CustomerControllerTest in 3.795 seconds (JVM running for 5.447)
2023-08-30 11:34:51,835 INFO org.hibernate.validator.internal.util.Version [background-preinit] HV000001: Hibernate Validator 6.2.5.Final
2023-08-30 11:34:51,836 INFO org.springframework.boot.StartupInfoLogger [Test worker] Starting CustomerControllerTest using Java 11.0.20.1 on clonz-pc with PID 36137 (started by clonz in /home/clonz/IdeaProjects/customer)
2023-08-30 11:34:51,845 DEBUG org.springframework.boot.StartupInfoLogger [Test worker] Running with Spring Boot v2.7.15, Spring v5.3.29
2023-08-30 11:34:51,850 INFO org.springframework.boot.SpringApplication [Test worker] No active profile set, falling back to 1 default profile: "default"
2023-08-30 11:34:54,693 INFO org.springframework.mock.web.MockServletContext [Test worker] Initializing Spring TestDispatcherServlet ''
2023-08-30 11:34:54,697 INFO org.springframework.web.servlet.FrameworkServlet [Test worker] Initializing Servlet ''
2023-08-30 11:34:54,700 INFO org.springframework.web.servlet.FrameworkServlet [Test worker] Completed initialization in 2 ms
2023-08-30 11:34:54,743 INFO org.springframework.boot.StartupInfoLogger [Test worker] Started CustomerControllerTest in 3.762 seconds (JVM running for 5.591)
2023-08-30 11:36:39,466 INFO org.springframework.boot.StartupInfoLogger [Test worker] Starting CustomerControllerTest using Java 11.0.20.1 on clonz-pc with PID 36370 (started by clonz in /home/clonz/IdeaProjects/customer)
2023-08-30 11:36:39,468 INFO org.hibernate.validator.internal.util.Version [background-preinit] HV000001: Hibernate Validator 6.2.5.Final
2023-08-30 11:36:39,471 DEBUG org.springframework.boot.StartupInfoLogger [Test worker] Running with Spring Boot v2.7.15, Spring v5.3.29
2023-08-30 11:36:39,474 INFO org.springframework.boot.SpringApplication [Test worker] No active profile set, falling back to 1 default profile: "default"
2023-08-30 11:36:42,101 INFO org.springframework.mock.web.MockServletContext [Test worker] Initializing Spring TestDispatcherServlet ''
2023-08-30 11:36:42,102 INFO org.springframework.web.servlet.FrameworkServlet [Test worker] Initializing Servlet ''
2023-08-30 11:36:42,104 INFO org.springframework.web.servlet.FrameworkServlet [Test worker] Completed initialization in 2 ms
2023-08-30 11:36:42,147 INFO org.springframework.boot.StartupInfoLogger [Test worker] Started CustomerControllerTest in 3.5 seconds (JVM running for 5.4)
2023-08-30 11:49:16,271 INFO org.springframework.boot.StartupInfoLogger [Test worker] Starting CustomerControllerTest using Java 11.0.20.1 on clonz-pc with PID 37059 (started by clonz in /home/clonz/IdeaProjects/customer)
2023-08-30 11:49:16,274 DEBUG org.springframework.boot.StartupInfoLogger [Test worker] Running with Spring Boot v2.7.15, Spring v5.3.29
2023-08-30 11:49:16,274 INFO org.hibernate.validator.internal.util.Version [background-preinit] HV000001: Hibernate Validator 6.2.5.Final
2023-08-30 11:49:16,282 INFO org.springframework.boot.SpringApplication [Test worker] No active profile set, falling back to 1 default profile: "default"
2023-08-30 11:49:18,633 INFO org.springframework.mock.web.MockServletContext [Test worker] Initializing Spring TestDispatcherServlet ''
2023-08-30 11:49:18,635 INFO org.springframework.web.servlet.FrameworkServlet [Test worker] Initializing Servlet ''
2023-08-30 11:49:18,643 INFO org.springframework.web.servlet.FrameworkServlet [Test worker] Completed initialization in 2 ms
2023-08-30 11:49:18,685 INFO org.springframework.boot.StartupInfoLogger [Test worker] Started CustomerControllerTest in 3.13 seconds (JVM running for 4.796)
2023-08-30 11:50:14,734 INFO org.springframework.boot.StartupInfoLogger [Test worker] Starting CustomerControllerTest using Java 11.0.20.1 on clonz-pc with PID 37259 (started by clonz in /home/clonz/IdeaProjects/customer)
2023-08-30 11:50:14,739 DEBUG org.springframework.boot.StartupInfoLogger [Test worker] Running with Spring Boot v2.7.15, Spring v5.3.29
2023-08-30 11:50:14,741 INFO org.springframework.boot.SpringApplication [Test worker] No active profile set, falling back to 1 default profile: "default"
2023-08-30 11:50:14,749 INFO org.hibernate.validator.internal.util.Version [background-preinit] HV000001: Hibernate Validator 6.2.5.Final
2023-08-30 11:50:17,042 INFO org.springframework.mock.web.MockServletContext [Test worker] Initializing Spring TestDispatcherServlet ''
2023-08-30 11:50:17,043 INFO org.springframework.web.servlet.FrameworkServlet [Test worker] Initializing Servlet ''
2023-08-30 11:50:17,045 INFO org.springframework.web.servlet.FrameworkServlet [Test worker] Completed initialization in 1 ms
2023-08-30 11:50:17,082 INFO org.springframework.boot.StartupInfoLogger [Test worker] Started CustomerControllerTest in 2.993 seconds (JVM running for 4.65)
2023-08-30 11:52:44,811 INFO org.springframework.boot.StartupInfoLogger [Test worker] Starting CustomerControllerTest using Java 11.0.20.1 on clonz-pc with PID 37509 (started by clonz in /home/clonz/IdeaProjects/customer)
2023-08-30 11:52:44,815 DEBUG org.springframework.boot.StartupInfoLogger [Test worker] Running with Spring Boot v2.7.15, Spring v5.3.29
2023-08-30 11:52:44,818 INFO org.springframework.boot.SpringApplication [Test worker] No active profile set, falling back to 1 default profile: "default"
2023-08-30 11:52:44,835 INFO org.hibernate.validator.internal.util.Version [background-preinit] HV000001: Hibernate Validator 6.2.5.Final
2023-08-30 11:52:47,433 INFO org.springframework.mock.web.MockServletContext [Test worker] Initializing Spring TestDispatcherServlet ''
2023-08-30 11:52:47,434 INFO org.springframework.web.servlet.FrameworkServlet [Test worker] Initializing Servlet ''
2023-08-30 11:52:47,437 INFO org.springframework.web.servlet.FrameworkServlet [Test worker] Completed initialization in 2 ms
2023-08-30 11:52:47,473 INFO org.springframework.boot.StartupInfoLogger [Test worker] Started CustomerControllerTest in 3.347 seconds (JVM running for 4.979)
2023-08-30 11:58:42,482 INFO org.springframework.boot.StartupInfoLogger [Test worker] Starting CustomerControllerTest using Java 11.0.20.1 on clonz-pc with PID 38038 (started by clonz in /home/clonz/IdeaProjects/customer)
2023-08-30 11:58:42,485 DEBUG org.springframework.boot.StartupInfoLogger [Test worker] Running with Spring Boot v2.7.15, Spring v5.3.29
2023-08-30 11:58:42,486 INFO org.springframework.boot.SpringApplication [Test worker] No active profile set, falling back to 1 default profile: "default"
2023-08-30 11:58:42,512 INFO org.hibernate.validator.internal.util.Version [background-preinit] HV000001: Hibernate Validator 6.2.5.Final
2023-08-30 11:58:44,677 INFO org.springframework.mock.web.MockServletContext [Test worker] Initializing Spring TestDispatcherServlet ''
2023-08-30 11:58:44,677 INFO org.springframework.web.servlet.FrameworkServlet [Test worker] Initializing Servlet ''
2023-08-30 11:58:44,679 INFO org.springframework.web.servlet.FrameworkServlet [Test worker] Completed initialization in 1 ms
2023-08-30 11:58:44,717 INFO org.springframework.boot.StartupInfoLogger [Test worker] Started CustomerControllerTest in 2.891 seconds (JVM running for 4.42)
2023-08-30 11:59:35,203 INFO org.springframework.boot.StartupInfoLogger [Test worker] Starting CustomerControllerTest using Java 11.0.20.1 on clonz-pc with PID 38270 (started by clonz in /home/clonz/IdeaProjects/customer)
2023-08-30 11:59:35,207 DEBUG org.springframework.boot.StartupInfoLogger [Test worker] Running with Spring Boot v2.7.15, Spring v5.3.29
2023-08-30 11:59:35,209 INFO org.springframework.boot.SpringApplication [Test worker] No active profile set, falling back to 1 default profile: "default"
2023-08-30 11:59:35,213 INFO org.hibernate.validator.internal.util.Version [background-preinit] HV000001: Hibernate Validator 6.2.5.Final
2023-08-30 11:59:37,507 INFO org.springframework.mock.web.MockServletContext [Test worker] Initializing Spring TestDispatcherServlet ''
2023-08-30 11:59:37,508 INFO org.springframework.web.servlet.FrameworkServlet [Test worker] Initializing Servlet ''
2023-08-30 11:59:37,510 INFO org.springframework.web.servlet.FrameworkServlet [Test worker] Completed initialization in 1 ms
2023-08-30 11:59:37,551 INFO org.springframework.boot.StartupInfoLogger [Test worker] Started CustomerControllerTest in 3.02 seconds (JVM running for 4.741)
2023-08-30 12:03:17,676 INFO org.springframework.boot.StartupInfoLogger [Test worker] Starting CustomerControllerTest using Java 11.0.20.1 on clonz-pc with PID 38992 (started by clonz in /home/clonz/IdeaProjects/customer)
2023-08-30 12:03:17,679 DEBUG org.springframework.boot.StartupInfoLogger [Test worker] Running with Spring Boot v2.7.15, Spring v5.3.29
2023-08-30 12:03:17,682 INFO org.springframework.boot.SpringApplication [Test worker] No active profile set, falling back to 1 default profile: "default"
2023-08-30 12:03:17,701 INFO org.hibernate.validator.internal.util.Version [background-preinit] HV000001: Hibernate Validator 6.2.5.Final
2023-08-30 12:03:20,459 INFO org.springframework.mock.web.MockServletContext [Test worker] Initializing Spring TestDispatcherServlet ''
2023-08-30 12:03:20,460 INFO org.springframework.web.servlet.FrameworkServlet [Test worker] Initializing Servlet ''
2023-08-30 12:03:20,463 INFO org.springframework.web.servlet.FrameworkServlet [Test worker] Completed initialization in 2 ms
2023-08-30 12:03:20,513 INFO org.springframework.boot.StartupInfoLogger [Test worker] Started CustomerControllerTest in 3.681 seconds (JVM running for 5.727)
2023-08-30 12:17:24,739 INFO org.springframework.boot.StartupInfoLogger [Test worker] Starting CustomerControllerTest using Java 11.0.20.1 on clonz-pc with PID 39712 (started by clonz in /home/clonz/IdeaProjects/customer)
2023-08-30 12:17:24,742 DEBUG org.springframework.boot.StartupInfoLogger [Test worker] Running with Spring Boot v2.7.15, Spring v5.3.29
2023-08-30 12:17:24,745 INFO org.springframework.boot.SpringApplication [Test worker] No active profile set, falling back to 1 default profile: "default"
2023-08-30 12:17:24,802 INFO org.hibernate.validator.internal.util.Version [background-preinit] HV000001: Hibernate Validator 6.2.5.Final
2023-08-30 12:17:27,838 INFO org.springframework.mock.web.MockServletContext [Test worker] Initializing Spring TestDispatcherServlet ''
2023-08-30 12:17:27,840 INFO org.springframework.web.servlet.FrameworkServlet [Test worker] Initializing Servlet ''
2023-08-30 12:17:27,843 INFO org.springframework.web.servlet.FrameworkServlet [Test worker] Completed initialization in 2 ms
2023-08-30 12:17:27,900 INFO org.springframework.boot.StartupInfoLogger [Test worker] Started CustomerControllerTest in 3.945 seconds (JVM running for 5.728)
2023-08-30 12:19:10,126 INFO org.hibernate.validator.internal.util.Version [background-preinit] HV000001: Hibernate Validator 6.2.5.Final
2023-08-30 12:19:10,127 INFO org.springframework.boot.StartupInfoLogger [Test worker] Starting CustomerControllerTest using Java 11.0.20.1 on clonz-pc with PID 39952 (started by clonz in /home/clonz/IdeaProjects/customer)
2023-08-30 12:19:10,135 DEBUG org.springframework.boot.StartupInfoLogger [Test worker] Running with Spring Boot v2.7.15, Spring v5.3.29
2023-08-30 12:19:10,137 INFO org.springframework.boot.SpringApplication [Test worker] No active profile set, falling back to 1 default profile: "default"
2023-08-30 12:19:12,880 INFO org.springframework.mock.web.MockServletContext [Test worker] Initializing Spring TestDispatcherServlet ''
2023-08-30 12:19:12,881 INFO org.springframework.web.servlet.FrameworkServlet [Test worker] Initializing Servlet ''
2023-08-30 12:19:12,885 INFO org.springframework.web.servlet.FrameworkServlet [Test worker] Completed initialization in 2 ms
2023-08-30 12:19:12,934 INFO org.springframework.boot.StartupInfoLogger [Test worker] Started CustomerControllerTest in 3.587 seconds (JVM running for 5.238)
2023-08-30 12:19:47,366 INFO org.springframework.boot.StartupInfoLogger [Test worker] Starting CustomerControllerTest using Java 11.0.20.1 on clonz-pc with PID 40139 (started by clonz in /home/clonz/IdeaProjects/customer)
2023-08-30 12:19:47,369 DEBUG org.springframework.boot.StartupInfoLogger [Test worker] Running with Spring Boot v2.7.15, Spring v5.3.29
2023-08-30 12:19:47,370 INFO org.springframework.boot.SpringApplication [Test worker] No active profile set, falling back to 1 default profile: "default"
2023-08-30 12:19:47,393 INFO org.hibernate.validator.internal.util.Version [background-preinit] HV000001: Hibernate Validator 6.2.5.Final
2023-08-30 12:19:50,138 INFO org.springframework.mock.web.MockServletContext [Test worker] Initializing Spring TestDispatcherServlet ''
2023-08-30 12:19:50,139 INFO org.springframework.web.servlet.FrameworkServlet [Test worker] Initializing Servlet ''
2023-08-30 12:19:50,142 INFO org.springframework.web.servlet.FrameworkServlet [Test worker] Completed initialization in 1 ms
2023-08-30 12:19:50,189 INFO org.springframework.boot.StartupInfoLogger [Test worker] Started CustomerControllerTest in 3.593 seconds (JVM running for 5.318)
2023-08-30 12:20:25,722 INFO org.hibernate.validator.internal.util.Version [background-preinit] HV000001: Hibernate Validator 6.2.5.Final
2023-08-30 12:20:25,727 INFO org.springframework.boot.StartupInfoLogger [Test worker] Starting CustomerControllerTest using Java 11.0.20.1 on clonz-pc with PID 40290 (started by clonz in /home/clonz/IdeaProjects/customer)
2023-08-30 12:20:25,730 DEBUG org.springframework.boot.StartupInfoLogger [Test worker] Running with Spring Boot v2.7.15, Spring v5.3.29
2023-08-30 12:20:25,732 INFO org.springframework.boot.SpringApplication [Test worker] No active profile set, falling back to 1 default profile: "default"
2023-08-30 12:20:28,407 INFO org.springframework.mock.web.MockServletContext [Test worker] Initializing Spring TestDispatcherServlet ''
2023-08-30 12:20:28,408 INFO org.springframework.web.servlet.FrameworkServlet [Test worker] Initializing Servlet ''
2023-08-30 12:20:28,411 INFO org.springframework.web.servlet.FrameworkServlet [Test worker] Completed initialization in 2 ms
2023-08-30 12:20:28,462 INFO org.springframework.boot.StartupInfoLogger [Test worker] Started CustomerControllerTest in 3.5 seconds (JVM running for 5.143)
2023-08-30 12:21:00,521 INFO org.springframework.boot.StartupInfoLogger [Test worker] Starting CustomerControllerTest using Java 11.0.20.1 on clonz-pc with PID 40442 (started by clonz in /home/clonz/IdeaProjects/customer)
2023-08-30 12:21:00,525 DEBUG org.springframework.boot.StartupInfoLogger [Test worker] Running with Spring Boot v2.7.15, Spring v5.3.29
2023-08-30 12:21:00,527 INFO org.springframework.boot.SpringApplication [Test worker] No active profile set, falling back to 1 default profile: "default"
2023-08-30 12:21:00,532 INFO org.hibernate.validator.internal.util.Version [background-preinit] HV000001: Hibernate Validator 6.2.5.Final
2023-08-30 12:21:03,222 INFO org.springframework.mock.web.MockServletContext [Test worker] Initializing Spring TestDispatcherServlet ''
2023-08-30 12:21:03,224 INFO org.springframework.web.servlet.FrameworkServlet [Test worker] Initializing Servlet ''
2023-08-30 12:21:03,226 INFO org.springframework.web.servlet.FrameworkServlet [Test worker] Completed initialization in 2 ms
2023-08-30 12:21:03,277 INFO org.springframework.boot.StartupInfoLogger [Test worker] Started CustomerControllerTest in 3.525 seconds (JVM running for 5.2)
2023-08-30 12:23:40,984 INFO org.springframework.boot.StartupInfoLogger [Test worker] Starting CustomerControllerTest using Java 11.0.20.1 on clonz-pc with PID 40833 (started by clonz in /home/clonz/IdeaProjects/customer)
2023-08-30 12:23:40,989 DEBUG org.springframework.boot.StartupInfoLogger [Test worker] Running with Spring Boot v2.7.15, Spring v5.3.29
2023-08-30 12:23:40,991 INFO org.springframework.boot.SpringApplication [Test worker] No active profile set, falling back to 1 default profile: "default"
2023-08-30 12:23:41,000 INFO org.hibernate.validator.internal.util.Version [background-preinit] HV000001: Hibernate Validator 6.2.5.Final
2023-08-30 12:23:43,550 INFO org.springframework.mock.web.MockServletContext [Test worker] Initializing Spring TestDispatcherServlet ''
2023-08-30 12:23:43,551 INFO org.springframework.web.servlet.FrameworkServlet [Test worker] Initializing Servlet ''
2023-08-30 12:23:43,554 INFO org.springframework.web.servlet.FrameworkServlet [Test worker] Completed initialization in 2 ms
2023-08-30 12:23:43,590 INFO org.springframework.boot.StartupInfoLogger [Test worker] Started CustomerControllerTest in 3.401 seconds (JVM running for 5.267)
2023-08-30 12:24:00,637 INFO org.springframework.boot.StartupInfoLogger [Test worker] Starting CustomerControllerTest using Java 11.0.20.1 on clonz-pc with PID 40985 (started by clonz in /home/clonz/IdeaProjects/customer)
2023-08-30 12:24:00,640 DEBUG org.springframework.boot.StartupInfoLogger [Test worker] Running with Spring Boot v2.7.15, Spring v5.3.29
2023-08-30 12:24:00,641 INFO org.springframework.boot.SpringApplication [Test worker] No active profile set, falling back to 1 default profile: "default"
2023-08-30 12:24:00,706 INFO org.hibernate.validator.internal.util.Version [background-preinit] HV000001: Hibernate Validator 6.2.5.Final
2023-08-30 12:24:03,461 INFO org.springframework.mock.web.MockServletContext [Test worker] Initializing Spring TestDispatcherServlet ''
2023-08-30 12:24:03,462 INFO org.springframework.web.servlet.FrameworkServlet [Test worker] Initializing Servlet ''
2023-08-30 12:24:03,466 INFO org.springframework.web.servlet.FrameworkServlet [Test worker] Completed initialization in 2 ms
2023-08-30 12:24:03,510 INFO org.springframework.boot.StartupInfoLogger [Test worker] Started CustomerControllerTest in 3.646 seconds (JVM running for 5.299)
2023-08-30 12:26:24,069 INFO org.springframework.boot.StartupInfoLogger [Test worker] Starting CustomerControllerTest using Java 11.0.20.1 on clonz-pc with PID 41230 (started by clonz in /home/clonz/IdeaProjects/customer)
2023-08-30 12:26:24,071 DEBUG org.springframework.boot.StartupInfoLogger [Test worker] Running with Spring Boot v2.7.15, Spring v5.3.29
2023-08-30 12:26:24,072 INFO org.springframework.boot.SpringApplication [Test worker] No active profile set, falling back to 1 default profile: "default"
2023-08-30 12:26:24,082 INFO org.hibernate.validator.internal.util.Version [background-preinit] HV000001: Hibernate Validator 6.2.5.Final
2023-08-30 12:26:26,408 INFO org.springframework.mock.web.MockServletContext [Test worker] Initializing Spring TestDispatcherServlet ''
2023-08-30 12:26:26,408 INFO org.springframework.web.servlet.FrameworkServlet [Test worker] Initializing Servlet ''
2023-08-30 12:26:26,411 INFO org.springframework.web.servlet.FrameworkServlet [Test worker] Completed initialization in 2 ms
2023-08-30 12:26:26,446 INFO org.springframework.boot.StartupInfoLogger [Test worker] Started CustomerControllerTest in 3.026 seconds (JVM running for 4.508)
2023-08-30 12:28:49,937 INFO org.springframework.boot.StartupInfoLogger [Test worker] Starting CustomerControllerTest using Java 11.0.20.1 on clonz-pc with PID 41475 (started by clonz in /home/clonz/IdeaProjects/customer)
2023-08-30 12:28:49,939 DEBUG org.springframework.boot.StartupInfoLogger [Test worker] Running with Spring Boot v2.7.15, Spring v5.3.29
2023-08-30 12:28:49,941 INFO org.springframework.boot.SpringApplication [Test worker] No active profile set, falling back to 1 default profile: "default"
2023-08-30 12:28:49,972 INFO org.hibernate.validator.internal.util.Version [background-preinit] HV000001: Hibernate Validator 6.2.5.Final
2023-08-30 12:28:52,275 INFO org.springframework.mock.web.MockServletContext [Test worker] Initializing Spring TestDispatcherServlet ''
2023-08-30 12:28:52,276 INFO org.springframework.web.servlet.FrameworkServlet [Test worker] Initializing Servlet ''
2023-08-30 12:28:52,279 INFO org.springframework.web.servlet.FrameworkServlet [Test worker] Completed initialization in 2 ms
2023-08-30 12:28:52,320 INFO org.springframework.boot.StartupInfoLogger [Test worker] Started CustomerControllerTest in 3.091 seconds (JVM running for 4.465)
2023-08-30 12:30:16,107 INFO org.springframework.boot.StartupInfoLogger [Test worker] Starting CustomerControllerTest using Java 11.0.20.1 on clonz-pc with PID 41681 (started by clonz in /home/clonz/IdeaProjects/customer)
2023-08-30 12:30:16,111 DEBUG org.springframework.boot.StartupInfoLogger [Test worker] Running with Spring Boot v2.7.15, Spring v5.3.29
2023-08-30 12:30:16,118 INFO org.springframework.boot.SpringApplication [Test worker] No active profile set, falling back to 1 default profile: "default"
2023-08-30 12:30:16,139 INFO org.hibernate.validator.internal.util.Version [background-preinit] HV000001: Hibernate Validator 6.2.5.Final
2023-08-30 12:30:18,620 INFO org.springframework.mock.web.MockServletContext [Test worker] Initializing Spring TestDispatcherServlet ''
2023-08-30 12:30:18,622 INFO org.springframework.web.servlet.FrameworkServlet [Test worker] Initializing Servlet ''
2023-08-30 12:30:18,627 INFO org.springframework.web.servlet.FrameworkServlet [Test worker] Completed initialization in 4 ms
2023-08-30 12:30:18,679 INFO org.springframework.boot.StartupInfoLogger [Test worker] Started CustomerControllerTest in 3.228 seconds (JVM running for 4.91)
2023-08-30 18:51:39,560 INFO org.springframework.boot.StartupInfoLogger [Test worker] Starting CustomerControllerTest using Java 11.0.20.1 on clonz-pc with PID 56292 (started by clonz in /home/clonz/IdeaProjects/customer)
2023-08-30 18:51:39,589 INFO org.hibernate.validator.internal.util.Version [background-preinit] HV000001: Hibernate Validator 6.2.5.Final
2023-08-30 18:51:39,600 DEBUG org.springframework.boot.StartupInfoLogger [Test worker] Running with Spring Boot v2.7.15, Spring v5.3.29
2023-08-30 18:51:39,602 INFO org.springframework.boot.SpringApplication [Test worker] No active profile set, falling back to 1 default profile: "default"
2023-08-30 18:51:43,103 INFO org.springframework.mock.web.MockServletContext [Test worker] Initializing Spring TestDispatcherServlet ''
2023-08-30 18:51:43,104 INFO org.springframework.web.servlet.FrameworkServlet [Test worker] Initializing Servlet ''
2023-08-30 18:51:43,107 INFO org.springframework.web.servlet.FrameworkServlet [Test worker] Completed initialization in 2 ms
2023-08-30 18:51:43,150 INFO org.springframework.boot.StartupInfoLogger [Test worker] Started CustomerControllerTest in 4.601 seconds (JVM running for 8.199)
2023-08-30 18:52:38,767 INFO org.hibernate.validator.internal.util.Version [background-preinit] HV000001: Hibernate Validator 6.2.5.Final
2023-08-30 18:52:38,769 INFO org.springframework.boot.StartupInfoLogger [Test worker] Starting CustomerControllerTest using Java 11.0.20.1 on clonz-pc with PID 56484 (started by clonz in /home/clonz/IdeaProjects/customer)
2023-08-30 18:52:38,775 DEBUG org.springframework.boot.StartupInfoLogger [Test worker] Running with Spring Boot v2.7.15, Spring v5.3.29
2023-08-30 18:52:38,778 INFO org.springframework.boot.SpringApplication [Test worker] No active profile set, falling back to 1 default profile: "default"
2023-08-30 18:52:41,035 INFO org.springframework.mock.web.MockServletContext [Test worker] Initializing Spring TestDispatcherServlet ''
2023-08-30 18:52:41,036 INFO org.springframework.web.servlet.FrameworkServlet [Test worker] Initializing Servlet ''
2023-08-30 18:52:41,038 INFO org.springframework.web.servlet.FrameworkServlet [Test worker] Completed initialization in 1 ms
2023-08-30 18:52:41,079 INFO org.springframework.boot.StartupInfoLogger [Test worker] Started CustomerControllerTest in 2.977 seconds (JVM running for 4.939)
2023-08-30 18:53:09,819 INFO org.springframework.boot.StartupInfoLogger [Test worker] Starting CustomerControllerTest using Java 11.0.20.1 on clonz-pc with PID 56607 (started by clonz in /home/clonz/IdeaProjects/customer)
2023-08-30 18:53:09,822 DEBUG org.springframework.boot.StartupInfoLogger [Test worker] Running with Spring Boot v2.7.15, Spring v5.3.29
2023-08-30 18:53:09,826 INFO org.springframework.boot.SpringApplication [Test worker] No active profile set, falling back to 1 default profile: "default"
2023-08-30 18:53:09,865 INFO org.hibernate.validator.internal.util.Version [background-preinit] HV000001: Hibernate Validator 6.2.5.Final
2023-08-30 18:53:11,974 INFO org.springframework.mock.web.MockServletContext [Test worker] Initializing Spring TestDispatcherServlet ''
2023-08-30 18:53:11,974 INFO org.springframework.web.servlet.FrameworkServlet [Test worker] Initializing Servlet ''
2023-08-30 18:53:11,977 INFO org.springframework.web.servlet.FrameworkServlet [Test worker] Completed initialization in 2 ms
2023-08-30 18:53:12,012 INFO org.springframework.boot.StartupInfoLogger [Test worker] Started CustomerControllerTest in 2.792 seconds (JVM running for 4.25)
2023-08-30 18:54:17,978 INFO org.hibernate.validator.internal.util.Version [background-preinit] HV000001: Hibernate Validator 6.2.5.Final
2023-08-30 18:54:17,978 INFO org.springframework.boot.StartupInfoLogger [Test worker] Starting CustomerControllerTest using Java 11.0.20.1 on clonz-pc with PID 56778 (started by clonz in /home/clonz/IdeaProjects/customer)
2023-08-30 18:54:17,984 DEBUG org.springframework.boot.StartupInfoLogger [Test worker] Running with Spring Boot v2.7.15, Spring v5.3.29
2023-08-30 18:54:17,986 INFO org.springframework.boot.SpringApplication [Test worker] No active profile set, falling back to 1 default profile: "default"
2023-08-30 18:54:20,764 INFO org.springframework.mock.web.MockServletContext [Test worker] Initializing Spring TestDispatcherServlet ''
2023-08-30 18:54:20,766 INFO org.springframework.web.servlet.FrameworkServlet [Test worker] Initializing Servlet ''
2023-08-30 18:54:20,769 INFO org.springframework.web.servlet.FrameworkServlet [Test worker] Completed initialization in 2 ms
2023-08-30 18:54:20,819 INFO org.springframework.boot.StartupInfoLogger [Test worker] Started CustomerControllerTest in 3.601 seconds (JVM running for 5.365)
2023-08-30 18:57:44,972 INFO org.springframework.boot.StartupInfoLogger [Test worker] Starting CustomerControllerTest using Java 11.0.20.1 on clonz-pc with PID 56962 (started by clonz in /home/clonz/IdeaProjects/customer)
2023-08-30 18:57:44,977 DEBUG org.springframework.boot.StartupInfoLogger [Test worker] Running with Spring Boot v2.7.15, Spring v5.3.29
2023-08-30 18:57:44,979 INFO org.springframework.boot.SpringApplication [Test worker] No active profile set, falling back to 1 default profile: "default"
2023-08-30 18:57:44,996 INFO org.hibernate.validator.internal.util.Version [background-preinit] HV000001: Hibernate Validator 6.2.5.Final
2023-08-30 18:57:47,777 INFO org.springframework.mock.web.MockServletContext [Test worker] Initializing Spring TestDispatcherServlet ''
2023-08-30 18:57:47,778 INFO org.springframework.web.servlet.FrameworkServlet [Test worker] Initializing Servlet ''
2023-08-30 18:57:47,781 INFO org.springframework.web.servlet.FrameworkServlet [Test worker] Completed initialization in 2 ms
2023-08-30 18:57:47,846 INFO org.springframework.boot.StartupInfoLogger [Test worker] Started CustomerControllerTest in 3.706 seconds (JVM running for 5.422)
2023-08-30 18:58:34,300 INFO org.springframework.boot.StartupInfoLogger [Test worker] Starting CustomerControllerTest using Java 11.0.20.1 on clonz-pc with PID 57122 (started by clonz in /home/clonz/IdeaProjects/customer)
2023-08-30 18:58:34,306 DEBUG org.springframework.boot.StartupInfoLogger [Test worker] Running with Spring Boot v2.7.15, Spring v5.3.29
2023-08-30 18:58:34,311 INFO org.springframework.boot.SpringApplication [Test worker] No active profile set, falling back to 1 default profile: "default"
2023-08-30 18:58:34,358 INFO org.hibernate.validator.internal.util.Version [background-preinit] HV000001: Hibernate Validator 6.2.5.Final
2023-08-30 18:58:37,069 INFO org.springframework.mock.web.MockServletContext [Test worker] Initializing Spring TestDispatcherServlet ''
2023-08-30 18:58:37,070 INFO org.springframework.web.servlet.FrameworkServlet [Test worker] Initializing Servlet ''
2023-08-30 18:58:37,074 INFO org.springframework.web.servlet.FrameworkServlet [Test worker] Completed initialization in 2 ms
2023-08-30 18:58:37,121 INFO org.springframework.boot.StartupInfoLogger [Test worker] Started CustomerControllerTest in 3.558 seconds (JVM running for 5.301)
2023-08-30 18:59:44,828 INFO org.springframework.boot.StartupInfoLogger [Test worker] Starting CustomerControllerTest using Java 11.0.20.1 on clonz-pc with PID 57293 (started by clonz in /home/clonz/IdeaProjects/customer)
2023-08-30 18:59:44,831 DEBUG org.springframework.boot.StartupInfoLogger [Test worker] Running with Spring Boot v2.7.15, Spring v5.3.29
2023-08-30 18:59:44,832 INFO org.springframework.boot.SpringApplication [Test worker] No active profile set, falling back to 1 default profile: "default"
2023-08-30 18:59:44,870 INFO org.hibernate.validator.internal.util.Version [background-preinit] HV000001: Hibernate Validator 6.2.5.Final
2023-08-30 18:59:47,555 INFO org.springframework.mock.web.MockServletContext [Test worker] Initializing Spring TestDispatcherServlet ''
2023-08-30 18:59:47,557 INFO org.springframework.web.servlet.FrameworkServlet [Test worker] Initializing Servlet ''
2023-08-30 18:59:47,560 INFO org.springframework.web.servlet.FrameworkServlet [Test worker] Completed initialization in 2 ms
2023-08-30 18:59:47,601 INFO org.springframework.boot.StartupInfoLogger [Test worker] Started CustomerControllerTest in 3.488 seconds (JVM running for 5.25)
2023-08-30 19:01:16,288 INFO org.springframework.boot.StartupInfoLogger [Test worker] Starting CustomerControllerTest using Java 11.0.20.1 on clonz-pc with PID 57468 (started by clonz in /home/clonz/IdeaProjects/customer)
2023-08-30 19:01:16,293 DEBUG org.springframework.boot.StartupInfoLogger [Test worker] Running with Spring Boot v2.7.15, Spring v5.3.29
2023-08-30 19:01:16,296 INFO org.springframework.boot.SpringApplication [Test worker] No active profile set, falling back to 1 default profile: "default"
2023-08-30 19:01:16,310 INFO org.hibernate.validator.internal.util.Version [background-preinit] HV000001: Hibernate Validator 6.2.5.Final
2023-08-30 19:01:18,840 INFO org.springframework.mock.web.MockServletContext [Test worker] Initializing Spring TestDispatcherServlet ''
2023-08-30 19:01:18,841 INFO org.springframework.web.servlet.FrameworkServlet [Test worker] Initializing Servlet ''
2023-08-30 19:01:18,844 INFO org.springframework.web.servlet.FrameworkServlet [Test worker] Completed initialization in 2 ms
2023-08-30 19:01:18,904 INFO org.springframework.boot.StartupInfoLogger [Test worker] Started CustomerControllerTest in 3.315 seconds (JVM running for 4.782)
